	Babylon.js Exporter version: 1.8.0, Blender version: 2.74 (sub 0)
========= Conversion from Blender to Babylon.js =========
	Python World class constructor completed
	WARNING: No active camera has been assigned, or is not in a currently selected Blender layer
	processing begun of material:  FirstGame.Material.001
	processing begun of material:  FirstGame.Material.002
	WARNING texture type not currently supported:  NONE, ignored.
	processing begun of material:  FirstGame.Material.003
	processing begun of material:  FirstGame.Material.004
	processing begun of material:  FirstGame.Material.005
	processing begun of material:  FirstGame.Material.006
	WARNING texture type not currently supported:  STUCCI, ignored.
	processing begun of material:  FirstGame.Material.007
	processing begun of material:  FirstGame.Material.008
	processing begun of mesh:  Mine.014
		processing begun of multimaterial:  FirstGame.Multimaterial#0
		num positions      :  258
		num normals        :  258
		num uvs            :  0
		num uvs2           :  0
		num colors         :  0
		num indices        :  924
		WARNING: # of 0 area faces found:  60
	processing begun of mesh:  Trigger.End
		WARNING:  No materials have been assigned: 
		num positions      :  8
		num normals        :  8
		num uvs            :  0
		num uvs2           :  0
		num colors         :  0
		num indices        :  36
	processing begun of mesh:  Astroid.014
		num positions      :  275
		num normals        :  275
		num uvs            :  550
		num uvs2           :  0
		num colors         :  0
		num indices        :  324
	processing begun of mesh:  Astroid.013
		num positions      :  275
		num normals        :  275
		num uvs            :  550
		num uvs2           :  0
		num colors         :  0
		num indices        :  324
	processing begun of mesh:  Astroid.012
		num positions      :  275
		num normals        :  275
		num uvs            :  550
		num uvs2           :  0
		num colors         :  0
		num indices        :  324
	processing begun of mesh:  Mine.013
		processing begun of multimaterial:  FirstGame.Multimaterial#1
		num positions      :  258
		num normals        :  258
		num uvs            :  0
		num uvs2           :  0
		num colors         :  0
		num indices        :  924
		WARNING: # of 0 area faces found:  60
	processing begun of mesh:  Mine.012
		processing begun of multimaterial:  FirstGame.Multimaterial#2
		num positions      :  258
		num normals        :  258
		num uvs            :  0
		num uvs2           :  0
		num colors         :  0
		num indices        :  924
		WARNING: # of 0 area faces found:  60
	processing begun of mesh:  Mine.011
		processing begun of multimaterial:  FirstGame.Multimaterial#3
		num positions      :  258
		num normals        :  258
		num uvs            :  0
		num uvs2           :  0
		num colors         :  0
		num indices        :  924
		WARNING: # of 0 area faces found:  60
	processing begun of mesh:  Mine.010
		processing begun of multimaterial:  FirstGame.Multimaterial#4
		num positions      :  258
		num normals        :  258
		num uvs            :  0
		num uvs2           :  0
		num colors         :  0
		num indices        :  924
		WARNING: # of 0 area faces found:  60
	processing begun of mesh:  Mine.009
		processing begun of multimaterial:  FirstGame.Multimaterial#5
		num positions      :  258
		num normals        :  258
		num uvs            :  0
		num uvs2           :  0
		num colors         :  0
		num indices        :  924
		WARNING: # of 0 area faces found:  60
	processing begun of mesh:  Astroid.011
		num positions      :  275
		num normals        :  275
		num uvs            :  550
		num uvs2           :  0
		num colors         :  0
		num indices        :  324
	processing begun of mesh:  Mine.008
		processing begun of multimaterial:  FirstGame.Multimaterial#6
		num positions      :  258
		num normals        :  258
		num uvs            :  0
		num uvs2           :  0
		num colors         :  0
		num indices        :  924
		WARNING: # of 0 area faces found:  60
	processing begun of mesh:  Astroid.010
		num positions      :  275
		num normals        :  275
		num uvs            :  550
		num uvs2           :  0
		num colors         :  0
		num indices        :  324
	processing begun of mesh:  Mine.007
		processing begun of multimaterial:  FirstGame.Multimaterial#7
		num positions      :  258
		num normals        :  258
		num uvs            :  0
		num uvs2           :  0
		num colors         :  0
		num indices        :  924
		WARNING: # of 0 area faces found:  60
	processing begun of mesh:  Astroid.009
		num positions      :  275
		num normals        :  275
		num uvs            :  550
		num uvs2           :  0
		num colors         :  0
		num indices        :  324
	processing begun of mesh:  Mine.006
		processing begun of multimaterial:  FirstGame.Multimaterial#8
		num positions      :  258
		num normals        :  258
		num uvs            :  0
		num uvs2           :  0
		num colors         :  0
		num indices        :  924
		WARNING: # of 0 area faces found:  60
	processing begun of mesh:  Astroid.008
		num positions      :  275
		num normals        :  275
		num uvs            :  550
		num uvs2           :  0
		num colors         :  0
		num indices        :  324
	processing begun of mesh:  Astroid.007
		num positions      :  275
		num normals        :  275
		num uvs            :  550
		num uvs2           :  0
		num colors         :  0
		num indices        :  324
	processing begun of mesh:  Mine.005
		processing begun of multimaterial:  FirstGame.Multimaterial#9
		num positions      :  258
		num normals        :  258
		num uvs            :  0
		num uvs2           :  0
		num colors         :  0
		num indices        :  924
		WARNING: # of 0 area faces found:  60
	processing begun of mesh:  Astroid.006
		num positions      :  275
		num normals        :  275
		num uvs            :  550
		num uvs2           :  0
		num colors         :  0
		num indices        :  324
	processing begun of mesh:  Mine.004
		processing begun of multimaterial:  FirstGame.Multimaterial#10
		num positions      :  258
		num normals        :  258
		num uvs            :  0
		num uvs2           :  0
		num colors         :  0
		num indices        :  924
		WARNING: # of 0 area faces found:  60
	processing begun of mesh:  Astroid.005
		num positions      :  275
		num normals        :  275
		num uvs            :  550
		num uvs2           :  0
		num colors         :  0
		num indices        :  324
	processing begun of mesh:  Mine.003
		processing begun of multimaterial:  FirstGame.Multimaterial#11
		num positions      :  258
		num normals        :  258
		num uvs            :  0
		num uvs2           :  0
		num colors         :  0
		num indices        :  924
		WARNING: # of 0 area faces found:  60
	processing begun of mesh:  Astroid.004
		num positions      :  275
		num normals        :  275
		num uvs            :  550
		num uvs2           :  0
		num colors         :  0
		num indices        :  324
	processing begun of mesh:  Astroid.003
		num positions      :  275
		num normals        :  275
		num uvs            :  550
		num uvs2           :  0
		num colors         :  0
		num indices        :  324
	processing begun of mesh:  Mine.002
		processing begun of multimaterial:  FirstGame.Multimaterial#12
		num positions      :  258
		num normals        :  258
		num uvs            :  0
		num uvs2           :  0
		num colors         :  0
		num indices        :  924
		WARNING: # of 0 area faces found:  60
	processing begun of mesh:  Mine.001
		processing begun of multimaterial:  FirstGame.Multimaterial#13
		num positions      :  258
		num normals        :  258
		num uvs            :  0
		num uvs2           :  0
		num colors         :  0
		num indices        :  924
		WARNING: # of 0 area faces found:  60
	processing begun of mesh:  Astroid.002
		num positions      :  275
		num normals        :  275
		num uvs            :  550
		num uvs2           :  0
		num colors         :  0
		num indices        :  324
	processing begun of mesh:  Astroid.001
		num positions      :  275
		num normals        :  275
		num uvs            :  550
		num uvs2           :  0
		num colors         :  0
		num indices        :  324
	processing begun of mesh:  Cube Boundary Bottom
		WARNING:  No materials have been assigned: 
		num positions      :  8
		num normals        :  8
		num uvs            :  0
		num uvs2           :  0
		num colors         :  0
		num indices        :  36
	processing begun of mesh:  Cube Boundary Top
		WARNING:  No materials have been assigned: 
		num positions      :  8
		num normals        :  8
		num uvs            :  0
		num uvs2           :  0
		num colors         :  0
		num indices        :  36
	processing begun of mesh:  Plane
		num positions      :  4
		num normals        :  4
		num uvs            :  0
		num uvs2           :  0
		num colors         :  0
		num indices        :  6
	processing begun of mesh:  Cube
		processing begun of multimaterial:  FirstGame.Multimaterial#14
		num positions      :  248
		num normals        :  248
		num uvs            :  0
		num uvs2           :  0
		num colors         :  0
		num indices        :  1188
	processing begun of mesh:  Astroid
		num positions      :  275
		num normals        :  275
		num uvs            :  550
		num uvs2           :  0
		num colors         :  0
		num indices        :  324
	processing begun of mesh:  Mine
		processing begun of multimaterial:  FirstGame.Multimaterial#15
		num positions      :  258
		num normals        :  258
		num uvs            :  0
		num uvs2           :  0
		num colors         :  0
		num indices        :  924
		WARNING: # of 0 area faces found:  60
	processing begun of light (SUN):  Sun
	processing begun of light (HEMI):  Hemi.001
	processing begun of light (HEMI):  Hemi
	WARNING: The following lamp not visible in scene thus ignored: Lamp
========= Writing of scene file started =========
========= Writing of scene file completed =========
========= end of processing =========
